<?xml version="1.0" encoding="UTF-8"?>
<!-- Generated by org.testng.reporters.JUnitReportReporter -->
<testsuite hostname="KIS20225" failures="0" tests="1" name="WorkingWithTestNG.WorkingWithDataProvider" time="43.693" errors="0" timestamp="2023-11-17T18:50:21 GMT" skipped="0">
  <testcase classname="WorkingWithTestNG.WorkingWithDataProvider" name="testCase" time="43.693"/>
  <system-out/>
</testsuite> <!-- WorkingWithTestNG.WorkingWithDataProvider -->
