<?xml version="1.0" encoding="UTF-8"?>
<!-- Generated by org.testng.reporters.JUnitReportReporter -->
<testsuite hostname="KIS20225" failures="0" tests="4" name="WorkingWithTestNG.WorkingWithEnabled" time="0.067" errors="0" timestamp="2023-11-08T19:16:15 GMT" skipped="0">
  <testcase classname="WorkingWithTestNG.WorkingWithEnabled" name="addToCart" time="0.042"/>
  <system-out/>
  <testcase classname="WorkingWithTestNG.WorkingWithEnabled" name="register" time="0.006"/>
  <system-out/>
  <testcase classname="WorkingWithTestNG.WorkingWithEnabled" name="login" time="0.007"/>
  <system-out/>
  <testcase classname="WorkingWithTestNG.WorkingWithEnabled" name="placeorder" time="0.012"/>
  <system-out/>
</testsuite> <!-- WorkingWithTestNG.WorkingWithEnabled -->
