<?xml version="1.0" encoding="UTF-8"?>
<!-- Generated by org.testng.reporters.JUnitReportReporter -->
<testsuite hostname="KIS20225" failures="0" tests="1" name="WorkingWithTestNG.WorkingWithConfigureAnnotation" time="0.026" errors="0" timestamp="2023-11-10T16:13:55 GMT" skipped="0">
  <testcase classname="WorkingWithTestNG.WorkingWithConfigureAnnotation" name="TestCase01" time="0.026"/>
  <system-out/>
</testsuite> <!-- WorkingWithTestNG.WorkingWithConfigureAnnotation -->
