<?xml version="1.0" encoding="UTF-8"?>
<!-- Generated by org.testng.reporters.JUnitReportReporter -->
<testsuite hostname="KIS20225" failures="0" tests="1" name="WorkingWithTestNG.WorkingWithParameters" time="31.178" errors="0" timestamp="2023-11-16T18:10:43 GMT" skipped="0">
  <testcase classname="WorkingWithTestNG.WorkingWithParameters" name="testCase" time="31.178"/>
  <system-out/>
</testsuite> <!-- WorkingWithTestNG.WorkingWithParameters -->
