<?xml version="1.0" encoding="UTF-8"?>
<!-- Generated by org.testng.reporters.JUnitReportReporter -->
<testsuite hostname="KIS20225" failures="0" tests="1" name="WorkingWithTestNG.WorkingWithTestAnnonation" time="0.047" errors="0" timestamp="2023-11-08T19:08:07 GMT" skipped="0">
  <testcase classname="WorkingWithTestNG.WorkingWithTestAnnonation" name="testCase" time="0.047"/>
  <system-out/>
</testsuite> <!-- WorkingWithTestNG.WorkingWithTestAnnonation -->
