<?xml version="1.0" encoding="UTF-8"?>
<!-- Generated by org.testng.reporters.JUnitReportReporter -->
<testsuite hostname="KIS20225" failures="0" tests="4" name="WorkingWithTestNG.WorkingWithMultipleAnnotation" time="0.083" errors="0" timestamp="2023-11-08T19:10:26 GMT" skipped="0">
  <testcase classname="WorkingWithTestNG.WorkingWithMultipleAnnotation" name="register" time="0.047"/>
  <system-out/>
  <testcase classname="WorkingWithTestNG.WorkingWithMultipleAnnotation" name="login" time="0.009"/>
  <system-out/>
  <testcase classname="WorkingWithTestNG.WorkingWithMultipleAnnotation" name="addToCart" time="0.012"/>
  <system-out/>
  <testcase classname="WorkingWithTestNG.WorkingWithMultipleAnnotation" name="placeorder" time="0.015"/>
  <system-out/>
</testsuite> <!-- WorkingWithTestNG.WorkingWithMultipleAnnotation -->
