<?xml version="1.0" encoding="UTF-8"?>
<!-- Generated by org.testng.reporters.JUnitReportReporter -->
<testsuite hostname="KIS20225" failures="0" tests="4" name="WorkingWithTestNG.WorkingWithDependsOnMethod" time="0.055" errors="0" timestamp="2023-11-08T19:21:04 GMT" skipped="1">
  <testcase classname="WorkingWithTestNG.WorkingWithDependsOnMethod" name="register" time="0.043"/>
  <system-out/>
  <testcase classname="WorkingWithTestNG.WorkingWithDependsOnMethod" name="login" time="0.006"/>
  <system-out/>
  <testcase classname="WorkingWithTestNG.WorkingWithDependsOnMethod" name="placeorder" time="0.006"/>
  <system-out/>
  <testcase classname="WorkingWithTestNG.WorkingWithDependsOnMethod" name="addToCart">
    <skipped/>
  </testcase> <!-- addToCart -->
  <system-out/>
</testsuite> <!-- WorkingWithTestNG.WorkingWithDependsOnMethod -->
