<?xml version="1.0" encoding="UTF-8"?>
<!-- Generated by org.testng.reporters.JUnitReportReporter -->
<testsuite hostname="KIS20225" failures="0" tests="1" name="TestCases.AddToCart" time="20.703" errors="0" timestamp="2023-11-10T19:22:16 GMT" skipped="0">
  <testcase classname="TestCases.AddToCart" name="addToCart" time="20.703"/>
  <system-out/>
</testsuite> <!-- TestCases.AddToCart -->
