<?xml version="1.0" encoding="UTF-8"?>
<!-- Generated by org.testng.reporters.JUnitReportReporter -->
<testsuite hostname="KIS20225" failures="0" tests="1" name="TestCases.Assignment3AddToCart" time="19.448" errors="0" timestamp="2023-11-13T18:56:11 GMT" skipped="0">
  <testcase classname="TestCases.Assignment3AddToCart" name="addToCart" time="19.448"/>
  <system-out>
    <![CDATA[Shopping Cart page displayed
AddToCart Test Case Pass]]>
  </system-out>
</testsuite> <!-- TestCases.Assignment3AddToCart -->
