<?xml version="1.0" encoding="UTF-8"?>
<!-- Generated by org.testng.reporters.JUnitReportReporter -->
<testsuite hostname="KIS20225" failures="0" tests="1" name="TestCasesTest.Assignment3AddToCartTest" time="16.885" errors="0" timestamp="2023-11-20T18:44:30 GMT" skipped="0">
  <testcase classname="TestCasesTest.Assignment3AddToCartTest" name="addToCart" time="16.885"/>
  <system-out>
    <![CDATA[Shopping Cart page displayed
AddToCart Test Case Pass]]>
  </system-out>
</testsuite> <!-- TestCasesTest.Assignment3AddToCartTest -->
