<?xml version="1.0" encoding="UTF-8"?>
<!-- Generated by org.testng.reporters.JUnitReportReporter -->
<testsuite hostname="KIS20225" failures="0" tests="1" name="TestCases.Assignment2Dropdown" time="20.223" errors="0" timestamp="2023-11-13T18:26:52 GMT" skipped="0">
  <testcase classname="TestCases.Assignment2Dropdown" name="ProductorderbyTestCase" time="20.223"/>
  <system-out/>
</testsuite> <!-- TestCases.Assignment2Dropdown -->
